/Users/jasoncameron/Applications/CLion.app/Contents/bin/cmake/mac/aarch64/bin/cmake -DCMAKE_BUILD_TYPE=Debug -DCMAKE_MAKE_PROGRAM=/Users/jasoncameron/Applications/CLion.app/Contents/bin/ninja/mac/aarch64/ninja -G Ninja -S /Users/jasoncameron/Desktop/Learning/LearningCpp/Udemy/CppCourse/Student/Section_08 -B /Users/jasoncameron/Desktop/Learning/LearningCpp/Udemy/CppCourse/Student/Section_08/cmake-build-debug
CMake Warning at /Users/jasoncameron/Applications/CLion.app/Contents/bin/cmake/mac/aarch64/share/cmake-3.31/Modules/Platform/Darwin-Initialize.cmake:311 (message):
  Ignoring CMAKE_OSX_SYSROOT value:

   /Applications/Xcode.app/Contents/Developer/Platforms/MacOSX.platform/Developer/SDKs/MacOSX15.0.sdk

  because the directory does not exist.
Call Stack (most recent call first):
  /Users/jasoncameron/Applications/CLion.app/Contents/bin/cmake/mac/aarch64/share/cmake-3.31/Modules/CMakeSystemSpecificInitialize.cmake:34 (include)
  CMakeLists.txt:2 (project)


-- The C compiler identification is AppleClang 17.0.0.17000013
-- The CXX compiler identification is AppleClang 17.0.0.17000013
-- Detecting C compiler ABI info
-- Detecting C compiler ABI info - failed
-- Check for working C compiler: /Applications/Xcode.app/Contents/Developer/Toolchains/XcodeDefault.xctoolchain/usr/bin/cc
-- Check for working C compiler: /Applications/Xcode.app/Contents/Developer/Toolchains/XcodeDefault.xctoolchain/usr/bin/cc - broken
CMake Error at /Users/jasoncameron/Applications/CLion.app/Contents/bin/cmake/mac/aarch64/share/cmake-3.31/Modules/CMakeTestCCompiler.cmake:67 (message):
  The C compiler

    "/Applications/Xcode.app/Contents/Developer/Toolchains/XcodeDefault.xctoolchain/usr/bin/cc"

  is not able to compile a simple test program.

  It fails with the following output:

    Change Dir: '/Users/jasoncameron/Desktop/Learning/LearningCpp/Udemy/CppCourse/Student/Section_08/cmake-build-debug/CMakeFiles/CMakeScratch/TryCompile-OJlMFL'
    
    Run Build Command(s): /Users/jasoncameron/Applications/CLion.app/Contents/bin/ninja/mac/aarch64/ninja -v cmTC_95bfd
    [1/2] /Applications/Xcode.app/Contents/Developer/Toolchains/XcodeDefault.xctoolchain/usr/bin/cc   -arch arm64 -mmacosx-version-min=14.5 -fcolor-diagnostics -MD -MT CMakeFiles/cmTC_95bfd.dir/testCCompiler.c.o -MF CMakeFiles/cmTC_95bfd.dir/testCCompiler.c.o.d -o CMakeFiles/cmTC_95bfd.dir/testCCompiler.c.o -c /Users/jasoncameron/Desktop/Learning/LearningCpp/Udemy/CppCourse/Student/Section_08/cmake-build-debug/CMakeFiles/CMakeScratch/TryCompile-OJlMFL/testCCompiler.c
    [2/2] : && /Applications/Xcode.app/Contents/Developer/Toolchains/XcodeDefault.xctoolchain/usr/bin/cc -arch arm64 -mmacosx-version-min=14.5 -Wl,-search_paths_first -Wl,-headerpad_max_install_names  CMakeFiles/cmTC_95bfd.dir/testCCompiler.c.o -o cmTC_95bfd   && :
    FAILED: cmTC_95bfd 
    : && /Applications/Xcode.app/Contents/Developer/Toolchains/XcodeDefault.xctoolchain/usr/bin/cc -arch arm64 -mmacosx-version-min=14.5 -Wl,-search_paths_first -Wl,-headerpad_max_install_names  CMakeFiles/cmTC_95bfd.dir/testCCompiler.c.o -o cmTC_95bfd   && :
    ld: library 'System' not found
    cc: error: linker command failed with exit code 1 (use -v to see invocation)
    ninja: build stopped: subcommand failed.
    
    

  

  CMake will not be able to correctly generate this project.
Call Stack (most recent call first):
  CMakeLists.txt:2 (project)


-- Configuring incomplete, errors occurred!
